INFO:root:пользователь ввел горизонтальную координату: 3
INFO:root:пользователь ввел вертикальную координату: 8
INFO:root:пользователь ввел горизонтальную координату противника: 1
INFO:root:пользователь ввел вертикальную координату противника: 6
INFO:root:пользователь выбрал фигуру: Ладья
INFO:root:Оба поля черного цвета
INFO:root:Ладья не угрожает полю (1; 6)
INFO:root:Чтобы за два хода попасть в это поле необходимо встать на поле (1; 8)
INFO:root:пользователь ввел горизонтальную координату: 6
INFO:root:пользователь ввел вертикальную координату: 7
INFO:root:пользователь ввел горизонтальную координату противника: 5
INFO:root:пользователь ввел вертикальную координату противника: 5
INFO:root:пользователь выбрал фигуру: Конь
INFO:root:Поля имеют разные цвета
INFO:root:Конь угрожает полю (5; 5)
INFO:root:пользователь ввел горизонтальную координату: 4
INFO:root:пользователь ввел вертикальную координату: 3
INFO:root:пользователь ввел горизонтальную координату противника: 8
INFO:root:пользователь ввел вертикальную координату противника: 1
INFO:root:пользователь выбрал фигуру: Ферзь
INFO:root:Оба поля черного цвета
INFO:root:Ферзь не угрожает полю (8; 1)
INFO:root:Чтобы за два хода попасть в это поле необходимо встать на поле (8; 3)
